<?xml version="1.0" encoding="UTF-8"?>
<testng-results skipped="0" failed="0" total="1" passed="1">
  <reporter-output>
  </reporter-output>
  <suite name="Default suite" duration-ms="8287" started-at="2020-02-23T07:36:09Z" finished-at="2020-02-23T07:36:18Z">
    <groups>
    </groups>
    <test name="Default test" duration-ms="8287" started-at="2020-02-23T07:36:09Z" finished-at="2020-02-23T07:36:18Z">
      <class name="com.javainuse.test.SpringBootHelloWorldTests">
        <test-method status="PASS" signature="springTestContextBeforeTestClass()[pri:0, instance:com.javainuse.test.SpringBootHelloWorldTests@55a1c291]" name="springTestContextBeforeTestClass" is-config="true" duration-ms="12" started-at="2020-02-23T13:06:09Z" finished-at="2020-02-23T13:06:09Z">
          <reporter-output>
          </reporter-output>
        </test-method> <!-- springTestContextBeforeTestClass -->
        <test-method status="PASS" signature="springTestContextPrepareTestInstance()[pri:0, instance:com.javainuse.test.SpringBootHelloWorldTests@55a1c291]" name="springTestContextPrepareTestInstance" is-config="true" duration-ms="7883" started-at="2020-02-23T13:06:09Z" depends-on-methods="org.springframework.test.context.testng.AbstractTestNGSpringContextTests.springTestContextBeforeTestClass" finished-at="2020-02-23T13:06:17Z">
          <reporter-output>
          </reporter-output>
        </test-method> <!-- springTestContextPrepareTestInstance -->
        <test-method status="PASS" signature="setup()[pri:0, instance:com.javainuse.test.SpringBootHelloWorldTests@55a1c291]" name="setup" is-config="true" duration-ms="40" started-at="2020-02-23T13:06:17Z" finished-at="2020-02-23T13:06:17Z">
          <reporter-output>
          </reporter-output>
        </test-method> <!-- setup -->
        <test-method status="PASS" signature="springTestContextBeforeTestMethod(java.lang.reflect.Method)[pri:0, instance:com.javainuse.test.SpringBootHelloWorldTests@55a1c291]" name="springTestContextBeforeTestMethod" is-config="true" duration-ms="4" started-at="2020-02-23T13:06:17Z" finished-at="2020-02-23T13:06:17Z">
          <params>
            <param index="0">
              <value>
                <![CDATA[public void com.javainuse.test.SpringBootHelloWorldTests.testEmployee() throws java.lang.Exception]]>
              </value>
            </param>
          </params>
          <reporter-output>
          </reporter-output>
        </test-method> <!-- springTestContextBeforeTestMethod -->
        <test-method status="PASS" signature="testEmployee()[pri:0, instance:com.javainuse.test.SpringBootHelloWorldTests@55a1c291]" name="testEmployee" duration-ms="320" started-at="2020-02-23T13:06:17Z" finished-at="2020-02-23T13:06:18Z">
          <reporter-output>
          </reporter-output>
        </test-method> <!-- testEmployee -->
        <test-method status="PASS" signature="springTestContextAfterTestClass()[pri:0, instance:com.javainuse.test.SpringBootHelloWorldTests@55a1c291]" name="springTestContextAfterTestClass" is-config="true" duration-ms="0" started-at="2020-02-23T13:06:18Z" finished-at="2020-02-23T13:06:18Z">
          <reporter-output>
          </reporter-output>
        </test-method> <!-- springTestContextAfterTestClass -->
        <test-method status="PASS" signature="springTestContextAfterTestMethod(java.lang.reflect.Method)[pri:0, instance:com.javainuse.test.SpringBootHelloWorldTests@55a1c291]" name="springTestContextAfterTestMethod" is-config="true" duration-ms="0" started-at="2020-02-23T13:06:18Z" finished-at="2020-02-23T13:06:18Z">
          <params>
            <param index="0">
              <value>
                <![CDATA[public void com.javainuse.test.SpringBootHelloWorldTests.testEmployee() throws java.lang.Exception]]>
              </value>
            </param>
          </params>
          <reporter-output>
          </reporter-output>
        </test-method> <!-- springTestContextAfterTestMethod -->
      </class> <!-- com.javainuse.test.SpringBootHelloWorldTests -->
    </test> <!-- Default test -->
  </suite> <!-- Default suite -->
</testng-results>
