<?xml version="1.0" encoding="UTF-8"?>
<testng-results skipped="0" failed="0" total="1" passed="1">
  <reporter-output>
  </reporter-output>
  <suite name="Default suite" duration-ms="6732" started-at="2020-10-26T10:51:27Z" finished-at="2020-10-26T10:51:34Z">
    <groups>
    </groups>
    <test name="Default test" duration-ms="6732" started-at="2020-10-26T10:51:27Z" finished-at="2020-10-26T10:51:34Z">
      <class name="com.javainuse.test.SpringBootHelloWorldTests">
        <test-method status="PASS" signature="springTestContextBeforeTestClass()[pri:0, instance:com.javainuse.test.SpringBootHelloWorldTests@400cff1a]" name="springTestContextBeforeTestClass" is-config="true" duration-ms="33" started-at="2020-10-26T16:21:27Z" finished-at="2020-10-26T16:21:27Z">
          <reporter-output>
          </reporter-output>
        </test-method> <!-- springTestContextBeforeTestClass -->
        <test-method status="PASS" signature="springTestContextPrepareTestInstance()[pri:0, instance:com.javainuse.test.SpringBootHelloWorldTests@400cff1a]" name="springTestContextPrepareTestInstance" is-config="true" duration-ms="6219" started-at="2020-10-26T16:21:27Z" depends-on-methods="org.springframework.test.context.testng.AbstractTestNGSpringContextTests.springTestContextBeforeTestClass" finished-at="2020-10-26T16:21:34Z">
          <reporter-output>
          </reporter-output>
        </test-method> <!-- springTestContextPrepareTestInstance -->
        <test-method status="PASS" signature="setup()[pri:0, instance:com.javainuse.test.SpringBootHelloWorldTests@400cff1a]" name="setup" is-config="true" duration-ms="38" started-at="2020-10-26T16:21:34Z" finished-at="2020-10-26T16:21:34Z">
          <reporter-output>
          </reporter-output>
        </test-method> <!-- setup -->
        <test-method status="PASS" signature="springTestContextBeforeTestMethod(java.lang.reflect.Method)[pri:0, instance:com.javainuse.test.SpringBootHelloWorldTests@400cff1a]" name="springTestContextBeforeTestMethod" is-config="true" duration-ms="2" started-at="2020-10-26T16:21:34Z" finished-at="2020-10-26T16:21:34Z">
          <params>
            <param index="0">
              <value>
                <![CDATA[public void com.javainuse.test.SpringBootHelloWorldTests.testEmployee() throws java.lang.Exception]]>
              </value>
            </param>
          </params>
          <reporter-output>
          </reporter-output>
        </test-method> <!-- springTestContextBeforeTestMethod -->
        <test-method status="PASS" signature="testEmployee()[pri:0, instance:com.javainuse.test.SpringBootHelloWorldTests@400cff1a]" name="testEmployee" duration-ms="383" started-at="2020-10-26T16:21:34Z" finished-at="2020-10-26T16:21:34Z">
          <reporter-output>
          </reporter-output>
        </test-method> <!-- testEmployee -->
        <test-method status="PASS" signature="springTestContextAfterTestMethod(java.lang.reflect.Method)[pri:0, instance:com.javainuse.test.SpringBootHelloWorldTests@400cff1a]" name="springTestContextAfterTestMethod" is-config="true" duration-ms="0" started-at="2020-10-26T16:21:34Z" finished-at="2020-10-26T16:21:34Z">
          <params>
            <param index="0">
              <value>
                <![CDATA[public void com.javainuse.test.SpringBootHelloWorldTests.testEmployee() throws java.lang.Exception]]>
              </value>
            </param>
          </params>
          <reporter-output>
          </reporter-output>
        </test-method> <!-- springTestContextAfterTestMethod -->
        <test-method status="PASS" signature="springTestContextAfterTestClass()[pri:0, instance:com.javainuse.test.SpringBootHelloWorldTests@400cff1a]" name="springTestContextAfterTestClass" is-config="true" duration-ms="1" started-at="2020-10-26T16:21:34Z" finished-at="2020-10-26T16:21:34Z">
          <reporter-output>
          </reporter-output>
        </test-method> <!-- springTestContextAfterTestClass -->
      </class> <!-- com.javainuse.test.SpringBootHelloWorldTests -->
    </test> <!-- Default test -->
  </suite> <!-- Default suite -->
</testng-results>
